Determining if the pthread_create exist failed with the following output:
Change Dir: /home/dell/udacity_projects/robot_software_engineer_term_1/project_2_robotic_arm_pick_and_place/project2_ws/build/CMakeFiles/CMakeTmp

Run Build Command:"/usr/bin/make" "cmTC_0df51/fast"
/usr/bin/make -f CMakeFiles/cmTC_0df51.dir/build.make CMakeFiles/cmTC_0df51.dir/build
make[1]: Entering directory '/home/dell/udacity_projects/robot_software_engineer_term_1/project_2_robotic_arm_pick_and_place/project2_ws/build/CMakeFiles/CMakeTmp'
Building C object CMakeFiles/cmTC_0df51.dir/CheckSymbolExists.c.o
/usr/bin/cc     -o CMakeFiles/cmTC_0df51.dir/CheckSymbolExists.c.o   -c /home/dell/udacity_projects/robot_software_engineer_term_1/project_2_robotic_arm_pick_and_place/project2_ws/build/CMakeFiles/CMakeTmp/CheckSymbolExists.c
Linking C executable cmTC_0df51
/usr/bin/cmake -E cmake_link_script CMakeFiles/cmTC_0df51.dir/link.txt --verbose=1
/usr/bin/cc       CMakeFiles/cmTC_0df51.dir/CheckSymbolExists.c.o  -o cmTC_0df51 -rdynamic 
CMakeFiles/cmTC_0df51.dir/CheckSymbolExists.c.o: In function `main':
CheckSymbolExists.c:(.text+0x16): undefined reference to `pthread_create'
collect2: error: ld returned 1 exit status
CMakeFiles/cmTC_0df51.dir/build.make:97: recipe for target 'cmTC_0df51' failed
make[1]: *** [cmTC_0df51] Error 1
make[1]: Leaving directory '/home/dell/udacity_projects/robot_software_engineer_term_1/project_2_robotic_arm_pick_and_place/project2_ws/build/CMakeFiles/CMakeTmp'
Makefile:126: recipe for target 'cmTC_0df51/fast' failed
make: *** [cmTC_0df51/fast] Error 2

File /home/dell/udacity_projects/robot_software_engineer_term_1/project_2_robotic_arm_pick_and_place/project2_ws/build/CMakeFiles/CMakeTmp/CheckSymbolExists.c:
/* */
#include <pthread.h>

int main(int argc, char** argv)
{
  (void)argv;
#ifndef pthread_create
  return ((int*)(&pthread_create))[argc];
#else
  (void)argc;
  return 0;
#endif
}

Determining if the function pthread_create exists in the pthreads failed with the following output:
Change Dir: /home/dell/udacity_projects/robot_software_engineer_term_1/project_2_robotic_arm_pick_and_place/project2_ws/build/CMakeFiles/CMakeTmp

Run Build Command:"/usr/bin/make" "cmTC_ba312/fast"
/usr/bin/make -f CMakeFiles/cmTC_ba312.dir/build.make CMakeFiles/cmTC_ba312.dir/build
make[1]: Entering directory '/home/dell/udacity_projects/robot_software_engineer_term_1/project_2_robotic_arm_pick_and_place/project2_ws/build/CMakeFiles/CMakeTmp'
Building C object CMakeFiles/cmTC_ba312.dir/CheckFunctionExists.c.o
/usr/bin/cc    -DCHECK_FUNCTION_EXISTS=pthread_create   -o CMakeFiles/cmTC_ba312.dir/CheckFunctionExists.c.o   -c /usr/share/cmake-3.5/Modules/CheckFunctionExists.c
Linking C executable cmTC_ba312
/usr/bin/cmake -E cmake_link_script CMakeFiles/cmTC_ba312.dir/link.txt --verbose=1
/usr/bin/cc   -DCHECK_FUNCTION_EXISTS=pthread_create    CMakeFiles/cmTC_ba312.dir/CheckFunctionExists.c.o  -o cmTC_ba312 -rdynamic -lpthreads 
/usr/bin/ld: cannot find -lpthreads
collect2: error: ld returned 1 exit status
CMakeFiles/cmTC_ba312.dir/build.make:97: recipe for target 'cmTC_ba312' failed
make[1]: *** [cmTC_ba312] Error 1
make[1]: Leaving directory '/home/dell/udacity_projects/robot_software_engineer_term_1/project_2_robotic_arm_pick_and_place/project2_ws/build/CMakeFiles/CMakeTmp'
Makefile:126: recipe for target 'cmTC_ba312/fast' failed
make: *** [cmTC_ba312/fast] Error 2


